{"/Users/maqsiak/myflags/sdk/packages/core/src/client.ts": {"path":"/Users/maqsiak/myflags/sdk/packages/core/src/client.ts","all":false,"statementMap":{"0":{"start":{"line":1,"column":0},"end":{"line":1,"column":55}},"1":{"start":{"line":2,"column":0},"end":{"line":2,"column":0}},"2":{"start":{"line":3,"column":0},"end":{"line":3,"column":47}},"3":{"start":{"line":4,"column":0},"end":{"line":4,"column":37}},"4":{"start":{"line":5,"column":0},"end":{"line":5,"column":40}},"5":{"start":{"line":6,"column":0},"end":{"line":6,"column":0}},"6":{"start":{"line":7,"column":0},"end":{"line":7,"column":49}},"7":{"start":{"line":8,"column":0},"end":{"line":8,"column":39}},"8":{"start":{"line":9,"column":0},"end":{"line":9,"column":0}},"9":{"start":{"line":10,"column":0},"end":{"line":10,"column":25}},"10":{"start":{"line":11,"column":0},"end":{"line":11,"column":54}},"11":{"start":{"line":12,"column":0},"end":{"line":12,"column":51}},"12":{"start":{"line":13,"column":0},"end":{"line":13,"column":0}},"13":{"start":{"line":14,"column":0},"end":{"line":14,"column":55}},"14":{"start":{"line":15,"column":0},"end":{"line":15,"column":32}},"15":{"start":{"line":16,"column":0},"end":{"line":16,"column":38}},"16":{"start":{"line":17,"column":0},"end":{"line":17,"column":0}},"17":{"start":{"line":18,"column":0},"end":{"line":18,"column":52}},"18":{"start":{"line":19,"column":0},"end":{"line":19,"column":53}},"19":{"start":{"line":20,"column":0},"end":{"line":20,"column":51}},"20":{"start":{"line":21,"column":0},"end":{"line":21,"column":51}},"21":{"start":{"line":22,"column":0},"end":{"line":22,"column":0}},"22":{"start":{"line":23,"column":0},"end":{"line":23,"column":20}},"23":{"start":{"line":24,"column":0},"end":{"line":24,"column":52}},"24":{"start":{"line":25,"column":0},"end":{"line":25,"column":45}},"25":{"start":{"line":26,"column":0},"end":{"line":26,"column":43}},"26":{"start":{"line":27,"column":0},"end":{"line":27,"column":41}},"27":{"start":{"line":28,"column":0},"end":{"line":28,"column":6}},"28":{"start":{"line":29,"column":0},"end":{"line":29,"column":3}},"29":{"start":{"line":30,"column":0},"end":{"line":30,"column":0}},"30":{"start":{"line":31,"column":0},"end":{"line":31,"column":5}},"31":{"start":{"line":32,"column":0},"end":{"line":32,"column":66}},"32":{"start":{"line":33,"column":0},"end":{"line":33,"column":65}},"33":{"start":{"line":34,"column":0},"end":{"line":34,"column":54}},"34":{"start":{"line":35,"column":0},"end":{"line":35,"column":5}},"35":{"start":{"line":36,"column":0},"end":{"line":36,"column":58}},"36":{"start":{"line":37,"column":0},"end":{"line":37,"column":35}},"37":{"start":{"line":38,"column":0},"end":{"line":38,"column":0}},"38":{"start":{"line":39,"column":0},"end":{"line":39,"column":46}},"39":{"start":{"line":40,"column":0},"end":{"line":40,"column":48}},"40":{"start":{"line":41,"column":0},"end":{"line":41,"column":22}},"41":{"start":{"line":42,"column":0},"end":{"line":42,"column":36}},"42":{"start":{"line":43,"column":0},"end":{"line":43,"column":0}},"43":{"start":{"line":44,"column":0},"end":{"line":44,"column":41}},"44":{"start":{"line":45,"column":0},"end":{"line":45,"column":3}},"45":{"start":{"line":46,"column":0},"end":{"line":46,"column":0}},"46":{"start":{"line":47,"column":0},"end":{"line":47,"column":5}},"47":{"start":{"line":48,"column":0},"end":{"line":48,"column":18}},"48":{"start":{"line":49,"column":0},"end":{"line":49,"column":49}},"49":{"start":{"line":50,"column":0},"end":{"line":50,"column":23}},"50":{"start":{"line":51,"column":0},"end":{"line":51,"column":5}},"51":{"start":{"line":52,"column":0},"end":{"line":52,"column":65}},"52":{"start":{"line":53,"column":0},"end":{"line":53,"column":66}},"53":{"start":{"line":54,"column":0},"end":{"line":54,"column":33}},"54":{"start":{"line":55,"column":0},"end":{"line":55,"column":3}},"55":{"start":{"line":56,"column":0},"end":{"line":56,"column":0}},"56":{"start":{"line":57,"column":0},"end":{"line":57,"column":5}},"57":{"start":{"line":58,"column":0},"end":{"line":58,"column":15}},"58":{"start":{"line":59,"column":0},"end":{"line":59,"column":37}},"59":{"start":{"line":60,"column":0},"end":{"line":60,"column":49}},"60":{"start":{"line":61,"column":0},"end":{"line":61,"column":22}},"61":{"start":{"line":62,"column":0},"end":{"line":62,"column":5}},"62":{"start":{"line":63,"column":0},"end":{"line":63,"column":67}},"63":{"start":{"line":64,"column":0},"end":{"line":64,"column":73}},"64":{"start":{"line":65,"column":0},"end":{"line":65,"column":29}},"65":{"start":{"line":66,"column":0},"end":{"line":66,"column":3}},"66":{"start":{"line":67,"column":0},"end":{"line":67,"column":0}},"67":{"start":{"line":68,"column":0},"end":{"line":68,"column":5}},"68":{"start":{"line":69,"column":0},"end":{"line":69,"column":38}},"69":{"start":{"line":70,"column":0},"end":{"line":70,"column":34}},"70":{"start":{"line":71,"column":0},"end":{"line":71,"column":49}},"71":{"start":{"line":72,"column":0},"end":{"line":72,"column":26}},"72":{"start":{"line":73,"column":0},"end":{"line":73,"column":5}},"73":{"start":{"line":74,"column":0},"end":{"line":74,"column":77}},"74":{"start":{"line":75,"column":0},"end":{"line":75,"column":47}},"75":{"start":{"line":76,"column":0},"end":{"line":76,"column":47}},"76":{"start":{"line":77,"column":0},"end":{"line":77,"column":0}},"77":{"start":{"line":78,"column":0},"end":{"line":78,"column":60}},"78":{"start":{"line":79,"column":0},"end":{"line":79,"column":11}},"79":{"start":{"line":80,"column":0},"end":{"line":80,"column":63}},"80":{"start":{"line":81,"column":0},"end":{"line":81,"column":32}},"81":{"start":{"line":82,"column":0},"end":{"line":82,"column":34}},"82":{"start":{"line":83,"column":0},"end":{"line":83,"column":11}},"83":{"start":{"line":84,"column":0},"end":{"line":84,"column":0}},"84":{"start":{"line":85,"column":0},"end":{"line":85,"column":26}},"85":{"start":{"line":86,"column":0},"end":{"line":86,"column":33}},"86":{"start":{"line":87,"column":0},"end":{"line":87,"column":9}},"87":{"start":{"line":88,"column":0},"end":{"line":88,"column":0}},"88":{"start":{"line":89,"column":0},"end":{"line":89,"column":64}},"89":{"start":{"line":90,"column":0},"end":{"line":90,"column":40}},"90":{"start":{"line":91,"column":0},"end":{"line":91,"column":66}},"91":{"start":{"line":92,"column":0},"end":{"line":92,"column":12}},"92":{"start":{"line":93,"column":0},"end":{"line":93,"column":0}},"93":{"start":{"line":94,"column":0},"end":{"line":94,"column":19}},"94":{"start":{"line":95,"column":0},"end":{"line":95,"column":9}},"95":{"start":{"line":96,"column":0},"end":{"line":96,"column":0}},"96":{"start":{"line":97,"column":0},"end":{"line":97,"column":20}},"97":{"start":{"line":98,"column":0},"end":{"line":98,"column":23}},"98":{"start":{"line":99,"column":0},"end":{"line":99,"column":39}},"99":{"start":{"line":100,"column":0},"end":{"line":100,"column":40}},"100":{"start":{"line":101,"column":0},"end":{"line":101,"column":66}},"101":{"start":{"line":102,"column":0},"end":{"line":102,"column":12}},"102":{"start":{"line":103,"column":0},"end":{"line":103,"column":0}},"103":{"start":{"line":104,"column":0},"end":{"line":104,"column":19}},"104":{"start":{"line":105,"column":0},"end":{"line":105,"column":9}},"105":{"start":{"line":106,"column":0},"end":{"line":106,"column":20}},"106":{"start":{"line":107,"column":0},"end":{"line":107,"column":7}},"107":{"start":{"line":108,"column":0},"end":{"line":108,"column":5}},"108":{"start":{"line":109,"column":0},"end":{"line":109,"column":0}},"109":{"start":{"line":110,"column":0},"end":{"line":110,"column":16}},"110":{"start":{"line":111,"column":0},"end":{"line":111,"column":3}},"111":{"start":{"line":112,"column":0},"end":{"line":112,"column":0}},"112":{"start":{"line":113,"column":0},"end":{"line":113,"column":5}},"113":{"start":{"line":114,"column":0},"end":{"line":114,"column":47}},"114":{"start":{"line":115,"column":0},"end":{"line":115,"column":58}},"115":{"start":{"line":116,"column":0},"end":{"line":116,"column":5}},"116":{"start":{"line":117,"column":0},"end":{"line":117,"column":46}},"117":{"start":{"line":118,"column":0},"end":{"line":118,"column":76}},"118":{"start":{"line":119,"column":0},"end":{"line":119,"column":70}},"119":{"start":{"line":120,"column":0},"end":{"line":120,"column":5}},"120":{"start":{"line":121,"column":0},"end":{"line":121,"column":3}},"121":{"start":{"line":122,"column":0},"end":{"line":122,"column":0}},"122":{"start":{"line":123,"column":0},"end":{"line":123,"column":5}},"123":{"start":{"line":124,"column":0},"end":{"line":124,"column":41}},"124":{"start":{"line":125,"column":0},"end":{"line":125,"column":48}},"125":{"start":{"line":126,"column":0},"end":{"line":126,"column":5}},"126":{"start":{"line":127,"column":0},"end":{"line":127,"column":40}},"127":{"start":{"line":128,"column":0},"end":{"line":128,"column":33}},"128":{"start":{"line":129,"column":0},"end":{"line":129,"column":48}},"129":{"start":{"line":130,"column":0},"end":{"line":130,"column":5}},"130":{"start":{"line":131,"column":0},"end":{"line":131,"column":0}},"131":{"start":{"line":132,"column":0},"end":{"line":132,"column":52}},"132":{"start":{"line":133,"column":0},"end":{"line":133,"column":53}},"133":{"start":{"line":134,"column":0},"end":{"line":134,"column":5}},"134":{"start":{"line":135,"column":0},"end":{"line":135,"column":3}},"135":{"start":{"line":136,"column":0},"end":{"line":136,"column":1}}},"s":{"0":1,"1":1,"2":1,"3":1,"4":1,"5":1,"6":1,"7":1,"8":1,"9":1,"10":1,"11":1,"12":1,"13":1,"14":25,"15":25,"16":25,"17":25,"18":25,"19":25,"20":25,"21":25,"22":25,"23":25,"24":25,"25":25,"26":25,"27":25,"28":25,"29":1,"30":1,"31":1,"32":1,"33":1,"34":1,"35":1,"36":5,"37":5,"38":5,"39":11,"40":11,"41":5,"42":5,"43":5,"44":5,"45":1,"46":1,"47":1,"48":1,"49":1,"50":1,"51":1,"52":10,"53":10,"54":10,"55":1,"56":1,"57":1,"58":1,"59":1,"60":1,"61":1,"62":1,"63":3,"64":3,"65":3,"66":1,"67":1,"68":1,"69":1,"70":1,"71":1,"72":1,"73":1,"74":13,"75":13,"76":13,"77":13,"78":29,"79":29,"80":29,"81":29,"82":29,"83":27,"84":29,"85":6,"86":6,"87":2,"88":29,"89":2,"90":2,"91":2,"92":2,"93":2,"94":2,"95":0,"96":0,"97":29,"98":21,"99":14,"100":14,"101":14,"102":14,"103":14,"104":14,"105":7,"106":7,"107":29,"108":16,"109":16,"110":13,"111":1,"112":1,"113":1,"114":1,"115":1,"116":1,"117":23,"118":1,"119":1,"120":23,"121":1,"122":1,"123":1,"124":1,"125":1,"126":1,"127":25,"128":1,"129":1,"130":24,"131":25,"132":1,"133":1,"134":25,"135":1},"branchMap":{"0":{"type":"branch","line":14,"loc":{"start":{"line":14,"column":2},"end":{"line":29,"column":3}},"locations":[{"start":{"line":14,"column":2},"end":{"line":29,"column":3}}]},"1":{"type":"branch","line":36,"loc":{"start":{"line":36,"column":2},"end":{"line":45,"column":3}},"locations":[{"start":{"line":36,"column":2},"end":{"line":45,"column":3}}]},"2":{"type":"branch","line":39,"loc":{"start":{"line":39,"column":33},"end":{"line":42,"column":7}},"locations":[{"start":{"line":39,"column":33},"end":{"line":42,"column":7}}]},"3":{"type":"branch","line":44,"loc":{"start":{"line":44,"column":11},"end":{"line":44,"column":41}},"locations":[{"start":{"line":44,"column":11},"end":{"line":44,"column":41}}]},"4":{"type":"branch","line":52,"loc":{"start":{"line":52,"column":2},"end":{"line":55,"column":3}},"locations":[{"start":{"line":52,"column":2},"end":{"line":55,"column":3}}]},"5":{"type":"branch","line":54,"loc":{"start":{"line":54,"column":11},"end":{"line":54,"column":33}},"locations":[{"start":{"line":54,"column":11},"end":{"line":54,"column":33}}]},"6":{"type":"branch","line":63,"loc":{"start":{"line":63,"column":2},"end":{"line":66,"column":3}},"locations":[{"start":{"line":63,"column":2},"end":{"line":66,"column":3}}]},"7":{"type":"branch","line":65,"loc":{"start":{"line":65,"column":11},"end":{"line":65,"column":29}},"locations":[{"start":{"line":65,"column":11},"end":{"line":65,"column":29}}]},"8":{"type":"branch","line":74,"loc":{"start":{"line":74,"column":2},"end":{"line":111,"column":3}},"locations":[{"start":{"line":74,"column":2},"end":{"line":111,"column":3}}]},"9":{"type":"branch","line":78,"loc":{"start":{"line":78,"column":59},"end":{"line":108,"column":5}},"locations":[{"start":{"line":78,"column":59},"end":{"line":108,"column":5}}]},"10":{"type":"branch","line":82,"loc":{"start":{"line":82,"column":18},"end":{"line":82,"column":34}},"locations":[{"start":{"line":82,"column":18},"end":{"line":82,"column":34}}]},"11":{"type":"branch","line":83,"loc":{"start":{"line":83,"column":9},"end":{"line":85,"column":25}},"locations":[{"start":{"line":83,"column":9},"end":{"line":85,"column":25}}]},"12":{"type":"branch","line":85,"loc":{"start":{"line":85,"column":25},"end":{"line":87,"column":9}},"locations":[{"start":{"line":85,"column":25},"end":{"line":87,"column":9}}]},"13":{"type":"branch","line":87,"loc":{"start":{"line":87,"column":8},"end":{"line":89,"column":39}},"locations":[{"start":{"line":87,"column":8},"end":{"line":89,"column":39}}]},"14":{"type":"branch","line":89,"loc":{"start":{"line":89,"column":32},"end":{"line":89,"column":63}},"locations":[{"start":{"line":89,"column":32},"end":{"line":89,"column":63}}]},"15":{"type":"branch","line":89,"loc":{"start":{"line":89,"column":63},"end":{"line":95,"column":9}},"locations":[{"start":{"line":89,"column":63},"end":{"line":95,"column":9}}]},"16":{"type":"branch","line":95,"loc":{"start":{"line":95,"column":8},"end":{"line":98,"column":15}},"locations":[{"start":{"line":95,"column":8},"end":{"line":98,"column":15}}]},"17":{"type":"branch","line":98,"loc":{"start":{"line":98,"column":6},"end":{"line":107,"column":7}},"locations":[{"start":{"line":98,"column":6},"end":{"line":107,"column":7}}]},"18":{"type":"branch","line":99,"loc":{"start":{"line":99,"column":38},"end":{"line":105,"column":9}},"locations":[{"start":{"line":99,"column":38},"end":{"line":105,"column":9}}]},"19":{"type":"branch","line":105,"loc":{"start":{"line":105,"column":8},"end":{"line":107,"column":7}},"locations":[{"start":{"line":105,"column":8},"end":{"line":107,"column":7}}]},"20":{"type":"branch","line":108,"loc":{"start":{"line":108,"column":4},"end":{"line":110,"column":16}},"locations":[{"start":{"line":108,"column":4},"end":{"line":110,"column":16}}]},"21":{"type":"branch","line":90,"loc":{"start":{"line":90,"column":28},"end":{"line":91,"column":66}},"locations":[{"start":{"line":90,"column":28},"end":{"line":91,"column":66}}]},"22":{"type":"branch","line":100,"loc":{"start":{"line":100,"column":28},"end":{"line":101,"column":66}},"locations":[{"start":{"line":100,"column":28},"end":{"line":101,"column":66}}]},"23":{"type":"branch","line":117,"loc":{"start":{"line":117,"column":10},"end":{"line":121,"column":3}},"locations":[{"start":{"line":117,"column":10},"end":{"line":121,"column":3}}]},"24":{"type":"branch","line":118,"loc":{"start":{"line":118,"column":20},"end":{"line":118,"column":75}},"locations":[{"start":{"line":118,"column":20},"end":{"line":118,"column":75}}]},"25":{"type":"branch","line":118,"loc":{"start":{"line":118,"column":75},"end":{"line":120,"column":5}},"locations":[{"start":{"line":118,"column":75},"end":{"line":120,"column":5}}]},"26":{"type":"branch","line":127,"loc":{"start":{"line":127,"column":10},"end":{"line":135,"column":3}},"locations":[{"start":{"line":127,"column":10},"end":{"line":135,"column":3}}]},"27":{"type":"branch","line":128,"loc":{"start":{"line":128,"column":32},"end":{"line":130,"column":5}},"locations":[{"start":{"line":128,"column":32},"end":{"line":130,"column":5}}]},"28":{"type":"branch","line":130,"loc":{"start":{"line":130,"column":4},"end":{"line":132,"column":51}},"locations":[{"start":{"line":130,"column":4},"end":{"line":132,"column":51}}]},"29":{"type":"branch","line":132,"loc":{"start":{"line":132,"column":51},"end":{"line":134,"column":5}},"locations":[{"start":{"line":132,"column":51},"end":{"line":134,"column":5}}]}},"b":{"0":[25],"1":[5],"2":[11],"3":[5],"4":[10],"5":[6],"6":[3],"7":[1],"8":[13],"9":[29],"10":[2],"11":[27],"12":[6],"13":[2],"14":[1],"15":[2],"16":[0],"17":[21],"18":[14],"19":[7],"20":[16],"21":[2],"22":[14],"23":[23],"24":[20],"25":[1],"26":[25],"27":[1],"28":[24],"29":[1]},"fnMap":{"0":{"name":"MyFlagsSDK","decl":{"start":{"line":14,"column":2},"end":{"line":29,"column":3}},"loc":{"start":{"line":14,"column":2},"end":{"line":29,"column":3}},"line":14},"1":{"name":"subscribe","decl":{"start":{"line":36,"column":2},"end":{"line":45,"column":3}},"loc":{"start":{"line":36,"column":2},"end":{"line":45,"column":3}},"line":36},"2":{"name":"getFlags","decl":{"start":{"line":52,"column":2},"end":{"line":55,"column":3}},"loc":{"start":{"line":52,"column":2},"end":{"line":55,"column":3}},"line":52},"3":{"name":"getFlag","decl":{"start":{"line":63,"column":2},"end":{"line":66,"column":3}},"loc":{"start":{"line":63,"column":2},"end":{"line":66,"column":3}},"line":63},"4":{"name":"fetch","decl":{"start":{"line":74,"column":2},"end":{"line":111,"column":3}},"loc":{"start":{"line":74,"column":2},"end":{"line":111,"column":3}},"line":74},"5":{"name":"assertValidRefreshInterval","decl":{"start":{"line":117,"column":10},"end":{"line":121,"column":3}},"loc":{"start":{"line":117,"column":10},"end":{"line":121,"column":3}},"line":117},"6":{"name":"assertValidProjectId","decl":{"start":{"line":127,"column":10},"end":{"line":135,"column":3}},"loc":{"start":{"line":127,"column":10},"end":{"line":135,"column":3}},"line":127}},"f":{"0":25,"1":5,"2":10,"3":3,"4":13,"5":23,"6":25}}
,"/Users/maqsiak/myflags/sdk/packages/core/src/index.ts": {"path":"/Users/maqsiak/myflags/sdk/packages/core/src/index.ts","all":true,"statementMap":{"0":{"start":{"line":1,"column":0},"end":{"line":1,"column":56}},"1":{"start":{"line":2,"column":0},"end":{"line":2,"column":46}}},"s":{"0":0,"1":0},"branchMap":{"0":{"type":"branch","line":1,"loc":{"start":{"line":1,"column":0},"end":{"line":2,"column":-1}},"locations":[{"start":{"line":1,"column":0},"end":{"line":2,"column":-1}}]}},"b":{"0":[0]},"fnMap":{"0":{"name":"(empty-report)","decl":{"start":{"line":1,"column":0},"end":{"line":2,"column":-1}},"loc":{"start":{"line":1,"column":0},"end":{"line":2,"column":-1}},"line":1}},"f":{"0":0}}
}
